The system is: Windows - 10.0.18362 - AMD64
Compiling the CXX compiler identification source file "CMakeCXXCompilerId.cpp" succeeded.
Compiler: C:/Program Files (x86)/Microsoft Visual Studio/2017/Enterprise/VC/Tools/MSVC/14.16.27023/bin/Hostx64/x64/cl.exe 
Build flags: 
Id flags:  

The output was:
0
Microsoft (R) C/C++ Optimizing Compiler Version 19.16.27034 for x64
Copyright (C) Microsoft Corporation.  All rights reserved.

CMakeCXXCompilerId.cpp
Microsoft (R) Incremental Linker Version 14.16.27034.0
Copyright (C) Microsoft Corporation.  All rights reserved.

/out:CMakeCXXCompilerId.exe 
CMakeCXXCompilerId.obj 


Compilation of the CXX compiler identification source "CMakeCXXCompilerId.cpp" produced "CMakeCXXCompilerId.exe"

Compilation of the CXX compiler identification source "CMakeCXXCompilerId.cpp" produced "CMakeCXXCompilerId.obj"

The CXX compiler identification is MSVC, found in "D:/code/usd-unity-sdk/CMakeFiles/3.16.0-rc3/CompilerIdCXX/CMakeCXXCompilerId.exe"

Determining if the CXX compiler works passed with the following output:
Change Dir: D:/code/usd-unity-sdk/CMakeFiles/CMakeTmp

Run Build Command(s):nmake /nologo cmTC_a9982\fast && 	"C:\Program Files (x86)\Microsoft Visual Studio\2017\Enterprise\VC\Tools\MSVC\14.16.27023\bin\HostX64\x64\nmake.exe" -f CMakeFiles\cmTC_a9982.dir\build.make /nologo -L                  CMakeFiles\cmTC_a9982.dir\build
Building CXX object CMakeFiles/cmTC_a9982.dir/testCXXCompiler.cxx.obj
	C:\PROGRA~2\MICROS~1\2017\ENTERP~1\VC\Tools\MSVC\1416~1.270\bin\Hostx64\x64\cl.exe @C:\Users\JULIEN~1.DUB\AppData\Local\Temp\nm88B9.tmp
testCXXCompiler.cxx
Linking CXX executable cmTC_a9982.exe
	"C:\Program Files\CMake\bin\cmake.exe" -E vs_link_exe --intdir=CMakeFiles\cmTC_a9982.dir --rc=C:\PROGRA~2\WI3CF2~1\10\bin\100177~1.0\x64\rc.exe --mt=C:\PROGRA~2\WI3CF2~1\10\bin\100177~1.0\x64\mt.exe --manifests  -- C:\PROGRA~2\MICROS~1\2017\ENTERP~1\VC\Tools\MSVC\1416~1.270\bin\Hostx64\x64\link.exe /nologo @CMakeFiles\cmTC_a9982.dir\objects1.rsp @C:\Users\JULIEN~1.DUB\AppData\Local\Temp\nm8918.tmp



Detecting CXX compiler ABI info compiled with the following output:
Change Dir: D:/code/usd-unity-sdk/CMakeFiles/CMakeTmp

Run Build Command(s):nmake /nologo cmTC_5f735\fast && 	"C:\Program Files (x86)\Microsoft Visual Studio\2017\Enterprise\VC\Tools\MSVC\14.16.27023\bin\HostX64\x64\nmake.exe" -f CMakeFiles\cmTC_5f735.dir\build.make /nologo -L                  CMakeFiles\cmTC_5f735.dir\build
Building CXX object CMakeFiles/cmTC_5f735.dir/CMakeCXXCompilerABI.cpp.obj
	C:\PROGRA~2\MICROS~1\2017\ENTERP~1\VC\Tools\MSVC\1416~1.270\bin\Hostx64\x64\cl.exe @C:\Users\JULIEN~1.DUB\AppData\Local\Temp\nm8E37.tmp
CMakeCXXCompilerABI.cpp
Linking CXX executable cmTC_5f735.exe
	"C:\Program Files\CMake\bin\cmake.exe" -E vs_link_exe --intdir=CMakeFiles\cmTC_5f735.dir --rc=C:\PROGRA~2\WI3CF2~1\10\bin\100177~1.0\x64\rc.exe --mt=C:\PROGRA~2\WI3CF2~1\10\bin\100177~1.0\x64\mt.exe --manifests  -- C:\PROGRA~2\MICROS~1\2017\ENTERP~1\VC\Tools\MSVC\1416~1.270\bin\Hostx64\x64\link.exe /nologo @CMakeFiles\cmTC_5f735.dir\objects1.rsp @C:\Users\JULIEN~1.DUB\AppData\Local\Temp\nm8E96.tmp



